  [1m[35m (12.9ms)[0m  [1m[35mCREATE TABLE "schema_migrations" ("version" varchar NOT NULL PRIMARY KEY)[0m
  [1m[35m (11.8ms)[0m  [1m[35mCREATE TABLE "ar_internal_metadata" ("key" varchar NOT NULL PRIMARY KEY, "value" varchar, "created_at" datetime NOT NULL, "updated_at" datetime NOT NULL)[0m
  [1m[36mActiveRecord::SchemaMigration Load (0.3ms)[0m  [1m[34mSELECT "schema_migrations".* FROM "schema_migrations"[0m
Migrating to CreateUsers (20161230225218)
  [1m[35m (0.2ms)[0m  [1m[36mbegin transaction[0m
  [1m[35m (2.0ms)[0m  [1m[35mCREATE TABLE "users" ("id" INTEGER PRIMARY KEY AUTOINCREMENT NOT NULL, "nom" varchar, "email" varchar, "created_at" datetime NOT NULL, "updated_at" datetime NOT NULL)[0m
  [1m[35mSQL (0.4ms)[0m  [1m[32mINSERT INTO "schema_migrations" ("version") VALUES (?)[0m  [["version", "20161230225218"]]
  [1m[35m (11.7ms)[0m  [1m[36mcommit transaction[0m
  [1m[36mActiveRecord::InternalMetadata Load (0.4ms)[0m  [1m[34mSELECT  "ar_internal_metadata".* FROM "ar_internal_metadata" WHERE "ar_internal_metadata"."key" = ? LIMIT ?[0m  [["key", :environment], ["LIMIT", 1]]
  [1m[35m (0.1ms)[0m  [1m[36mbegin transaction[0m
  [1m[35mSQL (1.7ms)[0m  [1m[32mINSERT INTO "ar_internal_metadata" ("key", "value", "created_at", "updated_at") VALUES (?, ?, ?, ?)[0m  [["key", "environment"], ["value", "development"], ["created_at", 2016-12-30 22:53:10 UTC], ["updated_at", 2016-12-30 22:53:10 UTC]]
  [1m[35m (12.9ms)[0m  [1m[36mcommit transaction[0m
  [1m[36mActiveRecord::SchemaMigration Load (0.3ms)[0m  [1m[34mSELECT "schema_migrations".* FROM "schema_migrations"[0m
Started GET "/" for ::1 at 2016-12-30 23:53:23 +0100
  [1m[36mActiveRecord::SchemaMigration Load (0.1ms)[0m  [1m[34mSELECT "schema_migrations".* FROM "schema_migrations"[0m
Processing by Rails::WelcomeController#index as HTML
  Parameters: {"internal"=>true}
  Rendering /home/eisti/.rvm/gems/ruby-2.3.3/gems/railties-5.0.1/lib/rails/templates/rails/welcome/index.html.erb
  Rendered /home/eisti/.rvm/gems/ruby-2.3.3/gems/railties-5.0.1/lib/rails/templates/rails/welcome/index.html.erb (3.6ms)
Completed 200 OK in 57ms (Views: 14.0ms | ActiveRecord: 0.0ms)


Started GET "/" for ::1 at 2016-12-30 23:56:09 +0100
Processing by Rails::WelcomeController#index as HTML
  Parameters: {"internal"=>true}
  Rendering /home/eisti/.rvm/gems/ruby-2.3.3/gems/railties-5.0.1/lib/rails/templates/rails/welcome/index.html.erb
  Rendered /home/eisti/.rvm/gems/ruby-2.3.3/gems/railties-5.0.1/lib/rails/templates/rails/welcome/index.html.erb (6.7ms)
Completed 200 OK in 13ms (Views: 9.2ms | ActiveRecord: 0.0ms)


Started GET "/" for ::1 at 2016-12-30 23:56:10 +0100
Processing by Rails::WelcomeController#index as HTML
  Parameters: {"internal"=>true}
  Rendering /home/eisti/.rvm/gems/ruby-2.3.3/gems/railties-5.0.1/lib/rails/templates/rails/welcome/index.html.erb
  Rendered /home/eisti/.rvm/gems/ruby-2.3.3/gems/railties-5.0.1/lib/rails/templates/rails/welcome/index.html.erb (6.4ms)
Completed 200 OK in 13ms (Views: 9.3ms | ActiveRecord: 0.0ms)


Started GET "/" for ::1 at 2016-12-30 23:56:11 +0100
Processing by Rails::WelcomeController#index as HTML
  Parameters: {"internal"=>true}
  Rendering /home/eisti/.rvm/gems/ruby-2.3.3/gems/railties-5.0.1/lib/rails/templates/rails/welcome/index.html.erb
  Rendered /home/eisti/.rvm/gems/ruby-2.3.3/gems/railties-5.0.1/lib/rails/templates/rails/welcome/index.html.erb (7.3ms)
Completed 200 OK in 13ms (Views: 10.0ms | ActiveRecord: 0.0ms)


Started GET "/user" for ::1 at 2016-12-30 23:56:36 +0100
  
ActionController::RoutingError (No route matches [GET] "/user"):
  
actionpack (5.0.1) lib/action_dispatch/middleware/debug_exceptions.rb:53:in `call'
web-console (3.4.0) lib/web_console/middleware.rb:135:in `call_app'
web-console (3.4.0) lib/web_console/middleware.rb:28:in `block in call'
web-console (3.4.0) lib/web_console/middleware.rb:18:in `catch'
web-console (3.4.0) lib/web_console/middleware.rb:18:in `call'
actionpack (5.0.1) lib/action_dispatch/middleware/show_exceptions.rb:31:in `call'
railties (5.0.1) lib/rails/rack/logger.rb:36:in `call_app'
railties (5.0.1) lib/rails/rack/logger.rb:24:in `block in call'
activesupport (5.0.1) lib/active_support/tagged_logging.rb:69:in `block in tagged'
activesupport (5.0.1) lib/active_support/tagged_logging.rb:26:in `tagged'
activesupport (5.0.1) lib/active_support/tagged_logging.rb:69:in `tagged'
railties (5.0.1) lib/rails/rack/logger.rb:24:in `call'
sprockets-rails (3.2.0) lib/sprockets/rails/quiet_assets.rb:13:in `call'
actionpack (5.0.1) lib/action_dispatch/middleware/request_id.rb:24:in `call'
rack (2.0.1) lib/rack/method_override.rb:22:in `call'
rack (2.0.1) lib/rack/runtime.rb:22:in `call'
activesupport (5.0.1) lib/active_support/cache/strategy/local_cache_middleware.rb:28:in `call'
actionpack (5.0.1) lib/action_dispatch/middleware/executor.rb:12:in `call'
actionpack (5.0.1) lib/action_dispatch/middleware/static.rb:136:in `call'
rack (2.0.1) lib/rack/sendfile.rb:111:in `call'
railties (5.0.1) lib/rails/engine.rb:522:in `call'
puma (3.6.2) lib/puma/configuration.rb:225:in `call'
puma (3.6.2) lib/puma/server.rb:578:in `handle_request'
puma (3.6.2) lib/puma/server.rb:415:in `process_client'
puma (3.6.2) lib/puma/server.rb:275:in `block in run'
puma (3.6.2) lib/puma/thread_pool.rb:116:in `block in spawn_thread'
  Rendering /home/eisti/.rvm/gems/ruby-2.3.3/gems/actionpack-5.0.1/lib/action_dispatch/middleware/templates/rescues/routing_error.html.erb within rescues/layout
  Rendering /home/eisti/.rvm/gems/ruby-2.3.3/gems/actionpack-5.0.1/lib/action_dispatch/middleware/templates/rescues/_trace.html.erb
  Rendered /home/eisti/.rvm/gems/ruby-2.3.3/gems/actionpack-5.0.1/lib/action_dispatch/middleware/templates/rescues/_trace.html.erb (3.1ms)
  Rendered collection of /home/eisti/.rvm/gems/ruby-2.3.3/gems/actionpack-5.0.1/lib/action_dispatch/middleware/templates/routes/_route.html.erb [8 times] (29.5ms)
  Rendered /home/eisti/.rvm/gems/ruby-2.3.3/gems/actionpack-5.0.1/lib/action_dispatch/middleware/templates/routes/_table.html.erb (62.4ms)
  Rendering /home/eisti/.rvm/gems/ruby-2.3.3/gems/actionpack-5.0.1/lib/action_dispatch/middleware/templates/rescues/_request_and_response.html.erb
  Rendered /home/eisti/.rvm/gems/ruby-2.3.3/gems/actionpack-5.0.1/lib/action_dispatch/middleware/templates/rescues/_request_and_response.html.erb (2.0ms)
  Rendered /home/eisti/.rvm/gems/ruby-2.3.3/gems/actionpack-5.0.1/lib/action_dispatch/middleware/templates/rescues/routing_error.html.erb within rescues/layout (175.4ms)
Started GET "/users" for ::1 at 2016-12-30 23:57:12 +0100
Processing by UsersController#index as HTML
  Rendering users/index.html.erb within layouts/application
  [1m[36mUser Load (0.7ms)[0m  [1m[34mSELECT "users".* FROM "users"[0m
  Rendered users/index.html.erb within layouts/application (6.8ms)
Completed 200 OK in 921ms (Views: 909.3ms | ActiveRecord: 1.2ms)


Started GET "/users/new" for ::1 at 2016-12-30 23:57:17 +0100
Processing by UsersController#new as HTML
  Rendering users/new.html.erb within layouts/application
  Rendered users/_form.html.erb (49.4ms)
  Rendered users/new.html.erb within layouts/application (51.5ms)
Completed 200 OK in 98ms (Views: 86.2ms | ActiveRecord: 1.1ms)


Started GET "/users/1" for ::1 at 2016-12-30 23:58:02 +0100
Processing by UsersController#show as HTML
  Parameters: {"id"=>"1"}
  [1m[36mUser Load (0.4ms)[0m  [1m[34mSELECT  "users".* FROM "users" WHERE "users"."id" = ? LIMIT ?[0m  [["id", 1], ["LIMIT", 1]]
Completed 404 Not Found in 15ms (ActiveRecord: 0.4ms)


  
ActiveRecord::RecordNotFound (Couldn't find User with 'id'=1):
  
app/controllers/users_controller.rb:67:in `set_user'
  Rendering /home/eisti/.rvm/gems/ruby-2.3.3/gems/actionpack-5.0.1/lib/action_dispatch/middleware/templates/rescues/diagnostics.html.erb within rescues/layout
  Rendering /home/eisti/.rvm/gems/ruby-2.3.3/gems/actionpack-5.0.1/lib/action_dispatch/middleware/templates/rescues/_source.html.erb
  Rendered /home/eisti/.rvm/gems/ruby-2.3.3/gems/actionpack-5.0.1/lib/action_dispatch/middleware/templates/rescues/_source.html.erb (4.6ms)
  Rendering /home/eisti/.rvm/gems/ruby-2.3.3/gems/actionpack-5.0.1/lib/action_dispatch/middleware/templates/rescues/_trace.html.erb
  Rendered /home/eisti/.rvm/gems/ruby-2.3.3/gems/actionpack-5.0.1/lib/action_dispatch/middleware/templates/rescues/_trace.html.erb (2.3ms)
  Rendering /home/eisti/.rvm/gems/ruby-2.3.3/gems/actionpack-5.0.1/lib/action_dispatch/middleware/templates/rescues/_request_and_response.html.erb
  Rendered /home/eisti/.rvm/gems/ruby-2.3.3/gems/actionpack-5.0.1/lib/action_dispatch/middleware/templates/rescues/_request_and_response.html.erb (0.8ms)
  Rendered /home/eisti/.rvm/gems/ruby-2.3.3/gems/actionpack-5.0.1/lib/action_dispatch/middleware/templates/rescues/diagnostics.html.erb within rescues/layout (38.4ms)
Started GET "/users/" for ::1 at 2016-12-30 23:58:06 +0100
Processing by UsersController#index as HTML
  Rendering users/index.html.erb within layouts/application
  [1m[36mUser Load (1.0ms)[0m  [1m[34mSELECT "users".* FROM "users"[0m
  Rendered users/index.html.erb within layouts/application (4.1ms)
Completed 200 OK in 42ms (Views: 38.6ms | ActiveRecord: 1.0ms)


Started GET "/users/new" for ::1 at 2016-12-30 23:58:07 +0100
Processing by UsersController#new as HTML
  Rendering users/new.html.erb within layouts/application
  Rendered users/_form.html.erb (4.4ms)
  Rendered users/new.html.erb within layouts/application (6.8ms)
Completed 200 OK in 41ms (Views: 38.7ms | ActiveRecord: 0.0ms)


Started POST "/users" for ::1 at 2016-12-30 23:58:51 +0100
Processing by UsersController#create as HTML
  Parameters: {"utf8"=>"✓", "authenticity_token"=>"g2iV7mT+DMmGElbMZGyZpvwDNwwmOvunRTU4ljFD13fxnMtpHRCcK/q9FsSXq1Oj/dIJsWCtgwJB0zH88obvDA==", "user"=>{"nom"=>"Massilia", "email"=>"aitgherbim@eisti.eu"}, "commit"=>"Create User"}
  [1m[35m (0.2ms)[0m  [1m[36mbegin transaction[0m
  [1m[35mSQL (2.1ms)[0m  [1m[32mINSERT INTO "users" ("nom", "email", "created_at", "updated_at") VALUES (?, ?, ?, ?)[0m  [["nom", "Massilia"], ["email", "aitgherbim@eisti.eu"], ["created_at", 2016-12-30 22:58:51 UTC], ["updated_at", 2016-12-30 22:58:51 UTC]]
  [1m[35m (11.6ms)[0m  [1m[36mcommit transaction[0m
Redirected to http://localhost:3000/users/1
Completed 302 Found in 24ms (ActiveRecord: 13.9ms)


Started GET "/users/1" for ::1 at 2016-12-30 23:58:51 +0100
Processing by UsersController#show as HTML
  Parameters: {"id"=>"1"}
  [1m[36mUser Load (0.2ms)[0m  [1m[34mSELECT  "users".* FROM "users" WHERE "users"."id" = ? LIMIT ?[0m  [["id", 1], ["LIMIT", 1]]
  Rendering users/show.html.erb within layouts/application
  Rendered users/show.html.erb within layouts/application (1.8ms)
Completed 200 OK in 45ms (Views: 40.8ms | ActiveRecord: 0.2ms)


Started GET "/users/" for ::1 at 2016-12-30 23:59:52 +0100
Processing by UsersController#index as HTML
  Rendering users/index.html.erb within layouts/application
  [1m[36mUser Load (0.4ms)[0m  [1m[34mSELECT "users".* FROM "users"[0m
  Rendered users/index.html.erb within layouts/application (3.9ms)
Completed 200 OK in 47ms (Views: 43.5ms | ActiveRecord: 0.4ms)


Started GET "/users/1" for ::1 at 2016-12-31 00:00:49 +0100
Processing by UsersController#show as HTML
  Parameters: {"id"=>"1"}
  [1m[36mUser Load (0.7ms)[0m  [1m[34mSELECT  "users".* FROM "users" WHERE "users"."id" = ? LIMIT ?[0m  [["id", 1], ["LIMIT", 1]]
  Rendering users/show.html.erb within layouts/application
  Rendered users/show.html.erb within layouts/application (1.7ms)
Completed 200 OK in 33ms (Views: 29.8ms | ActiveRecord: 0.7ms)


Started GET "/users/1/edit" for ::1 at 2016-12-31 00:01:11 +0100
Processing by UsersController#edit as HTML
  Parameters: {"id"=>"1"}
  [1m[36mUser Load (0.6ms)[0m  [1m[34mSELECT  "users".* FROM "users" WHERE "users"."id" = ? LIMIT ?[0m  [["id", 1], ["LIMIT", 1]]
  Rendering users/edit.html.erb within layouts/application
  Rendered users/_form.html.erb (6.6ms)
  Rendered users/edit.html.erb within layouts/application (10.1ms)
Completed 200 OK in 59ms (Views: 54.1ms | ActiveRecord: 0.6ms)


